# JRE version: OpenJDK Runtime Environment Microsoft-25199 (11.0.12+7) (build 11.0.12+7)
# Java VM: OpenJDK 64-Bit Server VM Microsoft-25199 (11.0.12+7, mixed mode, tiered, compressed oops, g1 gc, windows-amd64)
Heap:
 garbage-first heap   total 212992K, used 55998K [0x0000000080e00000, 0x0000000100000000)
  region size 1024K, 4 young (4096K), 4 survivors (4096K)
 Metaspace       used 15864K, capacity 16188K, committed 16384K, reserved 1064960K
  class space    used 1582K, capacity 1695K, committed 1792K, reserved 1048576K
GC Heap History (20 events):
Event: 1.724 GC heap after
{Heap after GC invocations=29 (full 0):
 garbage-first heap   total 27648K, used 18258K [0x0000000080e00000, 0x0000000100000000)
  region size 1024K, 1 young (1024K), 1 survivors (1024K)
 Metaspace       used 13790K, capacity 14004K, committed 14080K, reserved 1062912K
  class space    used 1435K, capacity 1503K, committed 1536K, reserved 1048576K
}
Event: 1.749 GC heap before
{Heap before GC invocations=29 (full 0):
 garbage-first heap   total 27648K, used 20306K [0x0000000080e00000, 0x0000000100000000)
  region size 1024K, 3 young (3072K), 1 survivors (1024K)
 Metaspace       used 13790K, capacity 14004K, committed 14080K, reserved 1062912K
  class space    used 1435K, capacity 1503K, committed 1536K, reserved 1048576K
}
Event: 1.750 GC heap after
{Heap after GC invocations=30 (full 0):
 garbage-first heap   total 27648K, used 18286K [0x0000000080e00000, 0x0000000100000000)
  region size 1024K, 1 young (1024K), 1 survivors (1024K)
 Metaspace       used 13790K, capacity 14004K, committed 14080K, reserved 1062912K
  class space    used 1435K, capacity 1503K, committed 1536K, reserved 1048576K
}
Event: 1.769 GC heap before
{Heap before GC invocations=31 (full 0):
 garbage-first heap   total 27648K, used 20334K [0x0000000080e00000, 0x0000000100000000)
  region size 1024K, 3 young (3072K), 1 survivors (1024K)
 Metaspace       used 13790K, capacity 14004K, committed 14080K, reserved 1062912K
  class space    used 1435K, capacity 1503K, committed 1536K, reserved 1048576K
}
Event: 1.771 GC heap after
{Heap after GC invocations=32 (full 0):
 garbage-first heap   total 53248K, used 18424K [0x0000000080e00000, 0x0000000100000000)
  region size 1024K, 1 young (1024K), 1 survivors (1024K)
 Metaspace       used 13790K, capacity 14004K, committed 14080K, reserved 1062912K
  class space    used 1435K, capacity 1503K, committed 1536K, reserved 1048576K
}
Event: 1.789 GC heap before
{Heap before GC invocations=32 (full 0):
 garbage-first heap   total 53248K, used 24568K [0x0000000080e00000, 0x0000000100000000)
  region size 1024K, 3 young (3072K), 1 survivors (1024K)
 Metaspace       used 13790K, capacity 14004K, committed 14080K, reserved 1062912K
  class space    used 1435K, capacity 1503K, committed 1536K, reserved 1048576K
}
Event: 1.791 GC heap after
{Heap after GC invocations=33 (full 0):
 garbage-first heap   total 53248K, used 23634K [0x0000000080e00000, 0x0000000100000000)
  region size 1024K, 1 young (1024K), 1 survivors (1024K)
 Metaspace       used 13790K, capacity 14004K, committed 14080K, reserved 1062912K
  class space    used 1435K, capacity 1503K, committed 1536K, reserved 1048576K
}
Event: 1.830 GC heap before
{Heap before GC invocations=34 (full 0):
 garbage-first heap   total 53248K, used 32850K [0x0000000080e00000, 0x0000000100000000)
  region size 1024K, 2 young (2048K), 1 survivors (1024K)
 Metaspace       used 13790K, capacity 14004K, committed 14080K, reserved 1062912K
  class space    used 1435K, capacity 1503K, committed 1536K, reserved 1048576K
}
Event: 1.832 GC heap after
{Heap after GC invocations=35 (full 0):
 garbage-first heap   total 53248K, used 18780K [0x0000000080e00000, 0x0000000100000000)
  region size 1024K, 1 young (1024K), 1 survivors (1024K)
 Metaspace       used 13790K, capacity 14004K, committed 14080K, reserved 1062912K
  class space    used 1435K, capacity 1503K, committed 1536K, reserved 1048576K
}
Event: 1.952 GC heap before
{Heap before GC invocations=36 (full 0):
 garbage-first heap   total 53248K, used 31068K [0x0000000080e00000, 0x0000000100000000)
  region size 1024K, 9 young (9216K), 1 survivors (1024K)
 Metaspace       used 13797K, capacity 14068K, committed 14336K, reserved 1062912K
  class space    used 1435K, capacity 1503K, committed 1536K, reserved 1048576K
}
Event: 1.959 GC heap after
{Heap after GC invocations=37 (full 0):
 garbage-first heap   total 53248K, used 22992K [0x0000000080e00000, 0x0000000100000000)
  region size 1024K, 2 young (2048K), 2 survivors (2048K)
 Metaspace       used 13797K, capacity 14068K, committed 14336K, reserved 1062912K
  class space    used 1435K, capacity 1503K, committed 1536K, reserved 1048576K
}
Event: 2.019 GC heap before
{Heap before GC invocations=38 (full 0):
 garbage-first heap   total 53248K, used 30160K [0x0000000080e00000, 0x0000000100000000)
  region size 1024K, 6 young (6144K), 2 survivors (2048K)
 Metaspace       used 13797K, capacity 14068K, committed 14336K, reserved 1062912K
  class space    used 1435K, capacity 1503K, committed 1536K, reserved 1048576K
}
Event: 2.026 GC heap after
{Heap after GC invocations=39 (full 0):
 garbage-first heap   total 106496K, used 25128K [0x0000000080e00000, 0x0000000100000000)
  region size 1024K, 1 young (1024K), 1 survivors (1024K)
 Metaspace       used 13797K, capacity 14068K, committed 14336K, reserved 1062912K
  class space    used 1435K, capacity 1503K, committed 1536K, reserved 1048576K
}
Event: 2.291 GC heap before
{Heap before GC invocations=40 (full 0):
 garbage-first heap   total 106496K, used 37416K [0x0000000080e00000, 0x0000000100000000)
  region size 1024K, 10 young (10240K), 1 survivors (1024K)
 Metaspace       used 13877K, capacity 14133K, committed 14336K, reserved 1062912K
  class space    used 1435K, capacity 1503K, committed 1536K, reserved 1048576K
}
Event: 2.298 GC heap after
{Heap after GC invocations=41 (full 0):
 garbage-first heap   total 106496K, used 28115K [0x0000000080e00000, 0x0000000100000000)
  region size 1024K, 2 young (2048K), 2 survivors (2048K)
 Metaspace       used 13877K, capacity 14133K, committed 14336K, reserved 1062912K
  class space    used 1435K, capacity 1503K, committed 1536K, reserved 1048576K
}
Event: 2.596 GC heap before
{Heap before GC invocations=41 (full 0):
 garbage-first heap   total 106496K, used 41427K [0x0000000080e00000, 0x0000000100000000)
  region size 1024K, 14 young (14336K), 2 survivors (2048K)
 Metaspace       used 14999K, capacity 15205K, committed 15488K, reserved 1062912K
  class space    used 1520K, capacity 1604K, committed 1664K, reserved 1048576K
}
Event: 2.609 GC heap after
{Heap after GC invocations=42 (full 0):
 garbage-first heap   total 106496K, used 34816K [0x0000000080e00000, 0x0000000100000000)
  region size 1024K, 2 young (2048K), 2 survivors (2048K)
 Metaspace       used 14999K, capacity 15205K, committed 15488K, reserved 1062912K
  class space    used 1520K, capacity 1604K, committed 1664K, reserved 1048576K
}
Event: 3.073 GC heap before
{Heap before GC invocations=42 (full 0):
 garbage-first heap   total 106496K, used 52224K [0x0000000080e00000, 0x0000000100000000)
  region size 1024K, 18 young (18432K), 2 survivors (2048K)
 Metaspace       used 15593K, capacity 15906K, committed 16128K, reserved 1062912K
  class space    used 1563K, capacity 1687K, committed 1792K, reserved 1048576K
}
Event: 3.083 GC heap after
{Heap after GC invocations=43 (full 0):
 garbage-first heap   total 106496K, used 40692K [0x0000000080e00000, 0x0000000100000000)
  region size 1024K, 3 young (3072K), 3 survivors (3072K)
 Metaspace       used 15593K, capacity 15906K, committed 16128K, reserved 1062912K
  class space    used 1563K, capacity 1687K, committed 1792K, reserved 1048576K
}
Event: 3.232 GC heap before
{Heap before GC invocations=43 (full 0):
 garbage-first heap   total 106496K, used 63220K [0x0000000080e00000, 0x0000000100000000)
  region size 1024K, 25 young (25600K), 3 survivors (3072K)
 Metaspace       used 15864K, capacity 16188K, committed 16384K, reserved 1064960K
  class space    used 1582K, capacity 1695K, committed 1792K, reserved 1048576K
}

