# JRE version: OpenJDK Runtime Environment Microsoft-25199 (11.0.12+7) (build 11.0.12+7)
# Java VM: OpenJDK 64-Bit Server VM Microsoft-25199 (11.0.12+7, mixed mode, tiered, compressed oops, g1 gc, windows-amd64)
Heap:
 garbage-first heap   total 439296K, used 91503K [0x0000000080e00000, 0x0000000100000000)
  region size 1024K, 8 young (8192K), 8 survivors (8192K)
 Metaspace       used 18313K, capacity 18609K, committed 18688K, reserved 1067008K
  class space    used 1685K, capacity 1785K, committed 1792K, reserved 1048576K
GC Heap History (20 events):
Event: 2.995 GC heap after
{Heap after GC invocations=41 (full 0):
 garbage-first heap   total 57344K, used 18494K [0x0000000080e00000, 0x0000000100000000)
  region size 1024K, 1 young (1024K), 1 survivors (1024K)
 Metaspace       used 13786K, capacity 14004K, committed 14080K, reserved 1062912K
  class space    used 1435K, capacity 1503K, committed 1536K, reserved 1048576K
}
Event: 3.062 GC heap before
{Heap before GC invocations=42 (full 0):
 garbage-first heap   total 57344K, used 31806K [0x0000000080e00000, 0x0000000100000000)
  region size 1024K, 9 young (9216K), 1 survivors (1024K)
 Metaspace       used 13788K, capacity 14068K, committed 14336K, reserved 1062912K
  class space    used 1435K, capacity 1503K, committed 1536K, reserved 1048576K
}
Event: 3.066 GC heap after
{Heap after GC invocations=43 (full 0):
 garbage-first heap   total 57344K, used 23758K [0x0000000080e00000, 0x0000000100000000)
  region size 1024K, 2 young (2048K), 2 survivors (2048K)
 Metaspace       used 13788K, capacity 14068K, committed 14336K, reserved 1062912K
  class space    used 1435K, capacity 1503K, committed 1536K, reserved 1048576K
}
Event: 3.302 GC heap before
{Heap before GC invocations=44 (full 0):
 garbage-first heap   total 57344K, used 39118K [0x0000000080e00000, 0x0000000100000000)
  region size 1024K, 12 young (12288K), 2 survivors (2048K)
 Metaspace       used 13874K, capacity 14133K, committed 14336K, reserved 1062912K
  class space    used 1435K, capacity 1503K, committed 1536K, reserved 1048576K
}
Event: 3.312 GC heap after
{Heap after GC invocations=45 (full 0):
 garbage-first heap   total 109568K, used 26993K [0x0000000080e00000, 0x0000000100000000)
  region size 1024K, 2 young (2048K), 2 survivors (2048K)
 Metaspace       used 13874K, capacity 14133K, committed 14336K, reserved 1062912K
  class space    used 1435K, capacity 1503K, committed 1536K, reserved 1048576K
}
Event: 4.062 GC heap before
{Heap before GC invocations=45 (full 0):
 garbage-first heap   total 109568K, used 52593K [0x0000000080e00000, 0x0000000100000000)
  region size 1024K, 26 young (26624K), 2 survivors (2048K)
 Metaspace       used 15312K, capacity 15638K, committed 15744K, reserved 1062912K
  class space    used 1542K, capacity 1642K, committed 1664K, reserved 1048576K
}
Event: 4.078 GC heap after
{Heap after GC invocations=46 (full 0):
 garbage-first heap   total 109568K, used 36563K [0x0000000080e00000, 0x0000000100000000)
  region size 1024K, 4 young (4096K), 4 survivors (4096K)
 Metaspace       used 15312K, capacity 15638K, committed 15744K, reserved 1062912K
  class space    used 1542K, capacity 1642K, committed 1664K, reserved 1048576K
}
Event: 4.311 GC heap before
{Heap before GC invocations=46 (full 0):
 garbage-first heap   total 109568K, used 63187K [0x0000000080e00000, 0x0000000100000000)
  region size 1024K, 29 young (29696K), 4 survivors (4096K)
 Metaspace       used 15865K, capacity 16188K, committed 16384K, reserved 1064960K
  class space    used 1582K, capacity 1695K, committed 1792K, reserved 1048576K
}
Event: 4.344 GC heap after
{Heap after GC invocations=47 (full 0):
 garbage-first heap   total 109568K, used 53106K [0x0000000080e00000, 0x0000000100000000)
  region size 1024K, 4 young (4096K), 4 survivors (4096K)
 Metaspace       used 15865K, capacity 16188K, committed 16384K, reserved 1064960K
  class space    used 1582K, capacity 1695K, committed 1792K, reserved 1048576K
}
Event: 4.400 GC heap before
{Heap before GC invocations=47 (full 0):
 garbage-first heap   total 109568K, used 71538K [0x0000000080e00000, 0x0000000100000000)
  region size 1024K, 22 young (22528K), 4 survivors (4096K)
 Metaspace       used 15881K, capacity 16188K, committed 16384K, reserved 1064960K
  class space    used 1582K, capacity 1695K, committed 1792K, reserved 1048576K
}
Event: 4.436 GC heap after
{Heap after GC invocations=48 (full 0):
 garbage-first heap   total 109568K, used 67584K [0x0000000080e00000, 0x0000000100000000)
  region size 1024K, 3 young (3072K), 3 survivors (3072K)
 Metaspace       used 15881K, capacity 16188K, committed 16384K, reserved 1064960K
  class space    used 1582K, capacity 1695K, committed 1792K, reserved 1048576K
}
Event: 4.582 GC heap before
{Heap before GC invocations=48 (full 0):
 garbage-first heap   total 109568K, used 78848K [0x0000000080e00000, 0x0000000100000000)
  region size 1024K, 14 young (14336K), 3 survivors (3072K)
 Metaspace       used 16130K, capacity 16392K, committed 16640K, reserved 1064960K
  class space    used 1586K, capacity 1695K, committed 1792K, reserved 1048576K
}
Event: 4.604 GC heap after
{Heap after GC invocations=49 (full 0):
 garbage-first heap   total 259072K, used 70656K [0x0000000080e00000, 0x0000000100000000)
  region size 1024K, 2 young (2048K), 2 survivors (2048K)
 Metaspace       used 16130K, capacity 16392K, committed 16640K, reserved 1064960K
  class space    used 1586K, capacity 1695K, committed 1792K, reserved 1048576K
}
Event: 5.933 GC heap before
{Heap before GC invocations=50 (full 0):
 garbage-first heap   total 259072K, used 126976K [0x0000000080e00000, 0x0000000100000000)
  region size 1024K, 55 young (56320K), 2 survivors (2048K)
 Metaspace       used 17572K, capacity 17891K, committed 17920K, reserved 1064960K
  class space    used 1684K, capacity 1785K, committed 1792K, reserved 1048576K
}
Event: 5.955 GC heap after
{Heap after GC invocations=51 (full 0):
 garbage-first heap   total 259072K, used 79789K [0x0000000080e00000, 0x0000000100000000)
  region size 1024K, 7 young (7168K), 7 survivors (7168K)
 Metaspace       used 17572K, capacity 17891K, committed 17920K, reserved 1064960K
  class space    used 1684K, capacity 1785K, committed 1792K, reserved 1048576K
}
Event: 7.190 GC heap before
{Heap before GC invocations=51 (full 0):
 garbage-first heap   total 259072K, used 146349K [0x0000000080e00000, 0x0000000100000000)
  region size 1024K, 72 young (73728K), 7 survivors (7168K)
 Metaspace       used 18112K, capacity 18408K, committed 18432K, reserved 1067008K
  class space    used 1685K, capacity 1785K, committed 1792K, reserved 1048576K
}
Event: 7.216 GC heap after
{Heap after GC invocations=52 (full 0):
 garbage-first heap   total 259072K, used 83865K [0x0000000080e00000, 0x0000000100000000)
  region size 1024K, 4 young (4096K), 4 survivors (4096K)
 Metaspace       used 18112K, capacity 18408K, committed 18432K, reserved 1067008K
  class space    used 1685K, capacity 1785K, committed 1792K, reserved 1048576K
}
Event: 7.851 GC heap before
{Heap before GC invocations=52 (full 0):
 garbage-first heap   total 259072K, used 159641K [0x0000000080e00000, 0x0000000100000000)
  region size 1024K, 78 young (79872K), 4 survivors (4096K)
 Metaspace       used 18267K, capacity 18543K, committed 18688K, reserved 1067008K
  class space    used 1685K, capacity 1785K, committed 1792K, reserved 1048576K
}
Event: 7.866 GC heap after
{Heap after GC invocations=53 (full 0):
 garbage-first heap   total 259072K, used 87780K [0x0000000080e00000, 0x0000000100000000)
  region size 1024K, 8 young (8192K), 8 survivors (8192K)
 Metaspace       used 18267K, capacity 18543K, committed 18688K, reserved 1067008K
  class space    used 1685K, capacity 1785K, committed 1792K, reserved 1048576K
}
Event: 8.490 GC heap before
{Heap before GC invocations=53 (full 0):
 garbage-first heap   total 259072K, used 170724K [0x0000000080e00000, 0x0000000100000000)
  region size 1024K, 89 young (91136K), 8 survivors (8192K)
 Metaspace       used 18313K, capacity 18609K, committed 18688K, reserved 1067008K
  class space    used 1685K, capacity 1785K, committed 1792K, reserved 1048576K
}

