# JRE version: OpenJDK Runtime Environment Microsoft-25199 (11.0.12+7) (build 11.0.12+7)
# Java VM: OpenJDK 64-Bit Server VM Microsoft-25199 (11.0.12+7, mixed mode, tiered, compressed oops, g1 gc, windows-amd64)
Heap:
 garbage-first heap   total 459776K, used 88397K [0x0000000080e00000, 0x0000000100000000)
  region size 1024K, 7 young (7168K), 7 survivors (7168K)
 Metaspace       used 18283K, capacity 18546K, committed 18688K, reserved 1067008K
  class space    used 1687K, capacity 1785K, committed 1792K, reserved 1048576K
GC Heap History (20 events):
Event: 1.976 GC heap after
{Heap after GC invocations=36 (full 0):
 garbage-first heap   total 53248K, used 18851K [0x0000000080e00000, 0x0000000100000000)
  region size 1024K, 1 young (1024K), 1 survivors (1024K)
 Metaspace       used 13786K, capacity 14004K, committed 14080K, reserved 1062912K
  class space    used 1436K, capacity 1503K, committed 1536K, reserved 1048576K
}
Event: 2.038 GC heap before
{Heap before GC invocations=37 (full 0):
 garbage-first heap   total 53248K, used 31139K [0x0000000080e00000, 0x0000000100000000)
  region size 1024K, 9 young (9216K), 1 survivors (1024K)
 Metaspace       used 13789K, capacity 14068K, committed 14336K, reserved 1062912K
  class space    used 1436K, capacity 1503K, committed 1536K, reserved 1048576K
}
Event: 2.047 GC heap after
{Heap after GC invocations=38 (full 0):
 garbage-first heap   total 53248K, used 23046K [0x0000000080e00000, 0x0000000100000000)
  region size 1024K, 2 young (2048K), 2 survivors (2048K)
 Metaspace       used 13789K, capacity 14068K, committed 14336K, reserved 1062912K
  class space    used 1436K, capacity 1503K, committed 1536K, reserved 1048576K
}
Event: 2.262 GC heap before
{Heap before GC invocations=39 (full 0):
 garbage-first heap   total 53248K, used 39430K [0x0000000080e00000, 0x0000000100000000)
  region size 1024K, 11 young (11264K), 2 survivors (2048K)
 Metaspace       used 13870K, capacity 14133K, committed 14336K, reserved 1062912K
  class space    used 1436K, capacity 1503K, committed 1536K, reserved 1048576K
}
Event: 2.270 GC heap after
{Heap after GC invocations=40 (full 0):
 garbage-first heap   total 106496K, used 26988K [0x0000000080e00000, 0x0000000100000000)
  region size 1024K, 2 young (2048K), 2 survivors (2048K)
 Metaspace       used 13870K, capacity 14133K, committed 14336K, reserved 1062912K
  class space    used 1436K, capacity 1503K, committed 1536K, reserved 1048576K
}
Event: 2.922 GC heap before
{Heap before GC invocations=40 (full 0):
 garbage-first heap   total 106496K, used 52588K [0x0000000080e00000, 0x0000000100000000)
  region size 1024K, 25 young (25600K), 2 survivors (2048K)
 Metaspace       used 15175K, capacity 15496K, committed 15744K, reserved 1062912K
  class space    used 1534K, capacity 1637K, committed 1664K, reserved 1048576K
}
Event: 2.933 GC heap after
{Heap after GC invocations=41 (full 0):
 garbage-first heap   total 106496K, used 36495K [0x0000000080e00000, 0x0000000100000000)
  region size 1024K, 4 young (4096K), 4 survivors (4096K)
 Metaspace       used 15175K, capacity 15496K, committed 15744K, reserved 1062912K
  class space    used 1534K, capacity 1637K, committed 1664K, reserved 1048576K
}
Event: 3.208 GC heap before
{Heap before GC invocations=41 (full 0):
 garbage-first heap   total 106496K, used 61071K [0x0000000080e00000, 0x0000000100000000)
  region size 1024K, 27 young (27648K), 4 survivors (4096K)
 Metaspace       used 15828K, capacity 16118K, committed 16384K, reserved 1064960K
  class space    used 1581K, capacity 1692K, committed 1792K, reserved 1048576K
}
Event: 3.239 GC heap after
{Heap after GC invocations=42 (full 0):
 garbage-first heap   total 106496K, used 50037K [0x0000000080e00000, 0x0000000100000000)
  region size 1024K, 4 young (4096K), 4 survivors (4096K)
 Metaspace       used 15828K, capacity 16118K, committed 16384K, reserved 1064960K
  class space    used 1581K, capacity 1692K, committed 1792K, reserved 1048576K
}
Event: 3.290 GC heap before
{Heap before GC invocations=42 (full 0):
 garbage-first heap   total 106496K, used 68469K [0x0000000080e00000, 0x0000000100000000)
  region size 1024K, 22 young (22528K), 4 survivors (4096K)
 Metaspace       used 15875K, capacity 16126K, committed 16384K, reserved 1064960K
  class space    used 1583K, capacity 1695K, committed 1792K, reserved 1048576K
}
Event: 3.327 GC heap after
{Heap after GC invocations=43 (full 0):
 garbage-first heap   total 106496K, used 64512K [0x0000000080e00000, 0x0000000100000000)
  region size 1024K, 3 young (3072K), 3 survivors (3072K)
 Metaspace       used 15875K, capacity 16126K, committed 16384K, reserved 1064960K
  class space    used 1583K, capacity 1695K, committed 1792K, reserved 1048576K
}
Event: 3.420 GC heap before
{Heap before GC invocations=43 (full 0):
 garbage-first heap   total 106496K, used 75776K [0x0000000080e00000, 0x0000000100000000)
  region size 1024K, 14 young (14336K), 3 survivors (3072K)
 Metaspace       used 16025K, capacity 16384K, committed 16640K, reserved 1064960K
  class space    used 1587K, capacity 1695K, committed 1792K, reserved 1048576K
}
Event: 3.442 GC heap after
{Heap after GC invocations=44 (full 0):
 garbage-first heap   total 247808K, used 69632K [0x0000000080e00000, 0x0000000100000000)
  region size 1024K, 2 young (2048K), 2 survivors (2048K)
 Metaspace       used 16025K, capacity 16384K, committed 16640K, reserved 1064960K
  class space    used 1587K, capacity 1695K, committed 1792K, reserved 1048576K
}
Event: 4.471 GC heap before
{Heap before GC invocations=45 (full 0):
 garbage-first heap   total 247808K, used 122880K [0x0000000080e00000, 0x0000000100000000)
  region size 1024K, 52 young (53248K), 2 survivors (2048K)
 Metaspace       used 17393K, capacity 17698K, committed 17920K, reserved 1064960K
  class space    used 1685K, capacity 1785K, committed 1792K, reserved 1048576K
}
Event: 4.501 GC heap after
{Heap after GC invocations=46 (full 0):
 garbage-first heap   total 247808K, used 78848K [0x0000000080e00000, 0x0000000100000000)
  region size 1024K, 7 young (7168K), 7 survivors (7168K)
 Metaspace       used 17393K, capacity 17698K, committed 17920K, reserved 1064960K
  class space    used 1685K, capacity 1785K, committed 1792K, reserved 1048576K
}
Event: 6.027 GC heap before
{Heap before GC invocations=46 (full 0):
 garbage-first heap   total 247808K, used 141312K [0x0000000080e00000, 0x0000000100000000)
  region size 1024K, 68 young (69632K), 7 survivors (7168K)
 Metaspace       used 18082K, capacity 18410K, committed 18432K, reserved 1067008K
  class space    used 1686K, capacity 1785K, committed 1792K, reserved 1048576K
}
Event: 6.048 GC heap after
{Heap after GC invocations=47 (full 0):
 garbage-first heap   total 247808K, used 81470K [0x0000000080e00000, 0x0000000100000000)
  region size 1024K, 4 young (4096K), 4 survivors (4096K)
 Metaspace       used 18082K, capacity 18410K, committed 18432K, reserved 1067008K
  class space    used 1686K, capacity 1785K, committed 1792K, reserved 1048576K
}
Event: 6.662 GC heap before
{Heap before GC invocations=47 (full 0):
 garbage-first heap   total 247808K, used 153150K [0x0000000080e00000, 0x0000000100000000)
  region size 1024K, 74 young (75776K), 4 survivors (4096K)
 Metaspace       used 18217K, capacity 18478K, committed 18688K, reserved 1067008K
  class space    used 1687K, capacity 1785K, committed 1792K, reserved 1048576K
}
Event: 6.677 GC heap after
{Heap after GC invocations=48 (full 0):
 garbage-first heap   total 247808K, used 84553K [0x0000000080e00000, 0x0000000100000000)
  region size 1024K, 7 young (7168K), 7 survivors (7168K)
 Metaspace       used 18217K, capacity 18478K, committed 18688K, reserved 1067008K
  class space    used 1687K, capacity 1785K, committed 1792K, reserved 1048576K
}
Event: 7.276 GC heap before
{Heap before GC invocations=48 (full 0):
 garbage-first heap   total 247808K, used 165449K [0x0000000080e00000, 0x0000000100000000)
  region size 1024K, 86 young (88064K), 7 survivors (7168K)
 Metaspace       used 18283K, capacity 18546K, committed 18688K, reserved 1067008K
  class space    used 1687K, capacity 1785K, committed 1792K, reserved 1048576K
}

