# JRE version: OpenJDK Runtime Environment Microsoft-25199 (11.0.12+7) (build 11.0.12+7)
# Java VM: OpenJDK 64-Bit Server VM Microsoft-25199 (11.0.12+7, mixed mode, tiered, compressed oops, g1 gc, windows-amd64)
Heap:
 garbage-first heap   total 502784K, used 77309K [0x0000000080e00000, 0x0000000100000000)
  region size 1024K, 3 young (3072K), 3 survivors (3072K)
 Metaspace       used 16183K, capacity 16465K, committed 16640K, reserved 1064960K
  class space    used 1588K, capacity 1696K, committed 1792K, reserved 1048576K
GC Heap History (20 events):
Event: 2.138 GC heap after
{Heap after GC invocations=37 (full 0):
 garbage-first heap   total 57344K, used 18721K [0x0000000080e00000, 0x0000000100000000)
  region size 1024K, 1 young (1024K), 1 survivors (1024K)
 Metaspace       used 13776K, capacity 14004K, committed 14080K, reserved 1062912K
  class space    used 1436K, capacity 1503K, committed 1536K, reserved 1048576K
}
Event: 2.214 GC heap before
{Heap before GC invocations=38 (full 0):
 garbage-first heap   total 57344K, used 32033K [0x0000000080e00000, 0x0000000100000000)
  region size 1024K, 9 young (9216K), 1 survivors (1024K)
 Metaspace       used 13780K, capacity 14068K, committed 14336K, reserved 1062912K
  class space    used 1436K, capacity 1503K, committed 1536K, reserved 1048576K
}
Event: 2.220 GC heap after
{Heap after GC invocations=39 (full 0):
 garbage-first heap   total 57344K, used 24104K [0x0000000080e00000, 0x0000000100000000)
  region size 1024K, 2 young (2048K), 2 survivors (2048K)
 Metaspace       used 13780K, capacity 14068K, committed 14336K, reserved 1062912K
  class space    used 1436K, capacity 1503K, committed 1536K, reserved 1048576K
}
Event: 2.263 GC heap before
{Heap before GC invocations=40 (full 0):
 garbage-first heap   total 57344K, used 30248K [0x0000000080e00000, 0x0000000100000000)
  region size 1024K, 6 young (6144K), 2 survivors (2048K)
 Metaspace       used 13780K, capacity 14068K, committed 14336K, reserved 1062912K
  class space    used 1436K, capacity 1503K, committed 1536K, reserved 1048576K
}
Event: 2.272 GC heap after
{Heap after GC invocations=41 (full 0):
 garbage-first heap   total 114688K, used 25074K [0x0000000080e00000, 0x0000000100000000)
  region size 1024K, 1 young (1024K), 1 survivors (1024K)
 Metaspace       used 13780K, capacity 14068K, committed 14336K, reserved 1062912K
  class space    used 1436K, capacity 1503K, committed 1536K, reserved 1048576K
}
Event: 2.472 GC heap before
{Heap before GC invocations=42 (full 0):
 garbage-first heap   total 114688K, used 34290K [0x0000000080e00000, 0x0000000100000000)
  region size 1024K, 7 young (7168K), 1 survivors (1024K)
 Metaspace       used 13866K, capacity 14133K, committed 14336K, reserved 1062912K
  class space    used 1436K, capacity 1503K, committed 1536K, reserved 1048576K
}
Event: 2.478 GC heap after
{Heap after GC invocations=43 (full 0):
 garbage-first heap   total 114688K, used 26948K [0x0000000080e00000, 0x0000000100000000)
  region size 1024K, 1 young (1024K), 1 survivors (1024K)
 Metaspace       used 13866K, capacity 14133K, committed 14336K, reserved 1062912K
  class space    used 1436K, capacity 1503K, committed 1536K, reserved 1048576K
}
Event: 2.647 GC heap before
{Heap before GC invocations=43 (full 0):
 garbage-first heap   total 114688K, used 33092K [0x0000000080e00000, 0x0000000100000000)
  region size 1024K, 8 young (8192K), 1 survivors (1024K)
 Metaspace       used 13910K, capacity 14198K, committed 14336K, reserved 1062912K
  class space    used 1436K, capacity 1503K, committed 1536K, reserved 1048576K
}
Event: 2.653 GC heap after
{Heap after GC invocations=44 (full 0):
 garbage-first heap   total 114688K, used 29383K [0x0000000080e00000, 0x0000000100000000)
  region size 1024K, 1 young (1024K), 1 survivors (1024K)
 Metaspace       used 13910K, capacity 14198K, committed 14336K, reserved 1062912K
  class space    used 1436K, capacity 1503K, committed 1536K, reserved 1048576K
}
Event: 2.888 GC heap before
{Heap before GC invocations=44 (full 0):
 garbage-first heap   total 114688K, used 40647K [0x0000000080e00000, 0x0000000100000000)
  region size 1024K, 10 young (10240K), 1 survivors (1024K)
 Metaspace       used 15014K, capacity 15301K, committed 15488K, reserved 1062912K
  class space    used 1522K, capacity 1636K, committed 1664K, reserved 1048576K
}
Event: 2.896 GC heap after
{Heap after GC invocations=45 (full 0):
 garbage-first heap   total 114688K, used 35026K [0x0000000080e00000, 0x0000000100000000)
  region size 1024K, 2 young (2048K), 2 survivors (2048K)
 Metaspace       used 15014K, capacity 15301K, committed 15488K, reserved 1062912K
  class space    used 1522K, capacity 1636K, committed 1664K, reserved 1048576K
}
Event: 3.310 GC heap before
{Heap before GC invocations=45 (full 0):
 garbage-first heap   total 114688K, used 47314K [0x0000000080e00000, 0x0000000100000000)
  region size 1024K, 13 young (13312K), 2 survivors (2048K)
 Metaspace       used 15339K, capacity 15671K, committed 15872K, reserved 1062912K
  class space    used 1543K, capacity 1674K, committed 1792K, reserved 1048576K
}
Event: 3.322 GC heap after
{Heap after GC invocations=46 (full 0):
 garbage-first heap   total 229376K, used 38808K [0x0000000080e00000, 0x0000000100000000)
  region size 1024K, 2 young (2048K), 2 survivors (2048K)
 Metaspace       used 15339K, capacity 15671K, committed 15872K, reserved 1062912K
  class space    used 1543K, capacity 1674K, committed 1792K, reserved 1048576K
}
Event: 3.473 GC heap before
{Heap before GC invocations=46 (full 0):
 garbage-first heap   total 229376K, used 53144K [0x0000000080e00000, 0x0000000100000000)
  region size 1024K, 16 young (16384K), 2 survivors (2048K)
 Metaspace       used 15810K, capacity 16118K, committed 16384K, reserved 1064960K
  class space    used 1581K, capacity 1692K, committed 1792K, reserved 1048576K
}
Event: 3.513 GC heap after
{Heap after GC invocations=47 (full 0):
 garbage-first heap   total 229376K, used 46798K [0x0000000080e00000, 0x0000000100000000)
  region size 1024K, 2 young (2048K), 2 survivors (2048K)
 Metaspace       used 15810K, capacity 16118K, committed 16384K, reserved 1064960K
  class space    used 1581K, capacity 1692K, committed 1792K, reserved 1048576K
}
Event: 3.567 GC heap before
{Heap before GC invocations=47 (full 0):
 garbage-first heap   total 229376K, used 63182K [0x0000000080e00000, 0x0000000100000000)
  region size 1024K, 18 young (18432K), 2 survivors (2048K)
 Metaspace       used 15862K, capacity 16126K, committed 16384K, reserved 1064960K
  class space    used 1583K, capacity 1695K, committed 1792K, reserved 1048576K
}
Event: 3.592 GC heap after
{Heap after GC invocations=48 (full 0):
 garbage-first heap   total 229376K, used 59697K [0x0000000080e00000, 0x0000000100000000)
  region size 1024K, 3 young (3072K), 3 survivors (3072K)
 Metaspace       used 15862K, capacity 16126K, committed 16384K, reserved 1064960K
  class space    used 1583K, capacity 1695K, committed 1792K, reserved 1048576K
}
Event: 3.718 GC heap before
{Heap before GC invocations=48 (full 0):
 garbage-first heap   total 229376K, used 78129K [0x0000000080e00000, 0x0000000100000000)
  region size 1024K, 21 young (21504K), 3 survivors (3072K)
 Metaspace       used 16046K, capacity 16387K, committed 16640K, reserved 1064960K
  class space    used 1587K, capacity 1695K, committed 1792K, reserved 1048576K
}
Event: 3.740 GC heap after
{Heap after GC invocations=49 (full 0):
 garbage-first heap   total 229376K, used 71159K [0x0000000080e00000, 0x0000000100000000)
  region size 1024K, 3 young (3072K), 3 survivors (3072K)
 Metaspace       used 16046K, capacity 16387K, committed 16640K, reserved 1064960K
  class space    used 1587K, capacity 1695K, committed 1792K, reserved 1048576K
}
Event: 3.970 GC heap before
{Heap before GC invocations=49 (full 0):
 garbage-first heap   total 229376K, used 94711K [0x0000000080e00000, 0x0000000100000000)
  region size 1024K, 24 young (24576K), 3 survivors (3072K)
 Metaspace       used 16183K, capacity 16465K, committed 16640K, reserved 1064960K
  class space    used 1588K, capacity 1696K, committed 1792K, reserved 1048576K
}

