# JRE version: OpenJDK Runtime Environment Microsoft-25199 (11.0.12+7) (build 11.0.12+7)
# Java VM: OpenJDK 64-Bit Server VM Microsoft-25199 (11.0.12+7, mixed mode, tiered, compressed oops, g1 gc, windows-amd64)
Heap:
 garbage-first heap   total 348160K, used 96673K [0x00000000c0000000, 0x0000000100000000)
  region size 1024K, 16 young (16384K), 11 survivors (11264K)
 Metaspace       used 19342K, capacity 19807K, committed 20096K, reserved 1067008K
  class space    used 2181K, capacity 2395K, committed 2432K, reserved 1048576K
GC Heap History (20 events):
Event: 0.395 GC heap before
{Heap before GC invocations=0 (full 0):
 garbage-first heap   total 131072K, used 13312K [0x00000000c0000000, 0x0000000100000000)
  region size 1024K, 14 young (14336K), 0 survivors (0K)
 Metaspace       used 8516K, capacity 8569K, committed 8832K, reserved 1056768K
  class space    used 770K, capacity 790K, committed 896K, reserved 1048576K
}
Event: 0.399 GC heap after
{Heap after GC invocations=1 (full 0):
 garbage-first heap   total 131072K, used 3522K [0x00000000c0000000, 0x0000000100000000)
  region size 1024K, 2 young (2048K), 2 survivors (2048K)
 Metaspace       used 8516K, capacity 8569K, committed 8832K, reserved 1056768K
  class space    used 770K, capacity 790K, committed 896K, reserved 1048576K
}
Event: 0.671 GC heap before
{Heap before GC invocations=1 (full 0):
 garbage-first heap   total 131072K, used 36290K [0x00000000c0000000, 0x0000000100000000)
  region size 1024K, 32 young (32768K), 2 survivors (2048K)
 Metaspace       used 10881K, capacity 11012K, committed 11136K, reserved 1058816K
  class space    used 1052K, capacity 1116K, committed 1152K, reserved 1048576K
}
Event: 0.677 GC heap after
{Heap after GC invocations=2 (full 0):
 garbage-first heap   total 131072K, used 11015K [0x00000000c0000000, 0x0000000100000000)
  region size 1024K, 4 young (4096K), 4 survivors (4096K)
 Metaspace       used 10881K, capacity 11012K, committed 11136K, reserved 1058816K
  class space    used 1052K, capacity 1116K, committed 1152K, reserved 1048576K
}
Event: 0.757 GC heap before
{Heap before GC invocations=2 (full 0):
 garbage-first heap   total 131072K, used 42759K [0x00000000c0000000, 0x0000000100000000)
  region size 1024K, 35 young (35840K), 4 survivors (4096K)
 Metaspace       used 10883K, capacity 11012K, committed 11136K, reserved 1058816K
  class space    used 1052K, capacity 1116K, committed 1152K, reserved 1048576K
}
Event: 0.766 GC heap after
{Heap after GC invocations=3 (full 0):
 garbage-first heap   total 131072K, used 17191K [0x00000000c0000000, 0x0000000100000000)
  region size 1024K, 5 young (5120K), 5 survivors (5120K)
 Metaspace       used 10883K, capacity 11012K, committed 11136K, reserved 1058816K
  class space    used 1052K, capacity 1116K, committed 1152K, reserved 1048576K
}
Event: 0.843 GC heap before
{Heap before GC invocations=3 (full 0):
 garbage-first heap   total 131072K, used 53031K [0x00000000c0000000, 0x0000000100000000)
  region size 1024K, 40 young (40960K), 5 survivors (5120K)
 Metaspace       used 10886K, capacity 11012K, committed 11136K, reserved 1058816K
  class space    used 1052K, capacity 1116K, committed 1152K, reserved 1048576K
}
Event: 0.850 GC heap after
{Heap after GC invocations=4 (full 0):
 garbage-first heap   total 131072K, used 24546K [0x00000000c0000000, 0x0000000100000000)
  region size 1024K, 5 young (5120K), 5 survivors (5120K)
 Metaspace       used 10886K, capacity 11012K, committed 11136K, reserved 1058816K
  class space    used 1052K, capacity 1116K, committed 1152K, reserved 1048576K
}
Event: 1.294 GC heap before
{Heap before GC invocations=4 (full 0):
 garbage-first heap   total 131072K, used 69602K [0x00000000c0000000, 0x0000000100000000)
  region size 1024K, 49 young (50176K), 5 survivors (5120K)
 Metaspace       used 12585K, capacity 12796K, committed 12928K, reserved 1060864K
  class space    used 1247K, capacity 1329K, committed 1408K, reserved 1048576K
}
Event: 1.324 GC heap after
{Heap after GC invocations=5 (full 0):
 garbage-first heap   total 157696K, used 37670K [0x00000000c0000000, 0x0000000100000000)
  region size 1024K, 7 young (7168K), 7 survivors (7168K)
 Metaspace       used 12585K, capacity 12796K, committed 12928K, reserved 1060864K
  class space    used 1247K, capacity 1329K, committed 1408K, reserved 1048576K
}
Event: 1.527 GC heap before
{Heap before GC invocations=5 (full 0):
 garbage-first heap   total 157696K, used 89894K [0x00000000c0000000, 0x0000000100000000)
  region size 1024K, 58 young (59392K), 7 survivors (7168K)
 Metaspace       used 12611K, capacity 12799K, committed 12928K, reserved 1060864K
  class space    used 1248K, capacity 1329K, committed 1408K, reserved 1048576K
}
Event: 1.595 GC heap after
{Heap after GC invocations=6 (full 0):
 garbage-first heap   total 157696K, used 51712K [0x00000000c0000000, 0x0000000100000000)
  region size 1024K, 8 young (8192K), 8 survivors (8192K)
 Metaspace       used 12611K, capacity 12799K, committed 12928K, reserved 1060864K
  class space    used 1248K, capacity 1329K, committed 1408K, reserved 1048576K
}
Event: 1.632 GC heap before
{Heap before GC invocations=6 (full 0):
 garbage-first heap   total 157696K, used 60928K [0x00000000c0000000, 0x0000000100000000)
  region size 1024K, 17 young (17408K), 8 survivors (8192K)
 Metaspace       used 12611K, capacity 12799K, committed 12928K, reserved 1060864K
  class space    used 1248K, capacity 1329K, committed 1408K, reserved 1048576K
}
Event: 1.659 GC heap after
{Heap after GC invocations=7 (full 0):
 garbage-first heap   total 157696K, used 54768K [0x00000000c0000000, 0x0000000100000000)
  region size 1024K, 3 young (3072K), 3 survivors (3072K)
 Metaspace       used 12611K, capacity 12799K, committed 12928K, reserved 1060864K
  class space    used 1248K, capacity 1329K, committed 1408K, reserved 1048576K
}
Event: 2.013 GC heap before
{Heap before GC invocations=7 (full 0):
 garbage-first heap   total 157696K, used 89584K [0x00000000c0000000, 0x0000000100000000)
  region size 1024K, 38 young (38912K), 3 survivors (3072K)
 Metaspace       used 13735K, capacity 13917K, committed 14080K, reserved 1062912K
  class space    used 1393K, capacity 1488K, committed 1536K, reserved 1048576K
}
Event: 2.038 GC heap after
{Heap after GC invocations=8 (full 0):
 garbage-first heap   total 157696K, used 61952K [0x00000000c0000000, 0x0000000100000000)
  region size 1024K, 5 young (5120K), 5 survivors (5120K)
 Metaspace       used 13735K, capacity 13917K, committed 14080K, reserved 1062912K
  class space    used 1393K, capacity 1488K, committed 1536K, reserved 1048576K
}
Event: 2.250 GC heap before
{Heap before GC invocations=8 (full 0):
 garbage-first heap   total 157696K, used 99840K [0x00000000c0000000, 0x0000000100000000)
  region size 1024K, 42 young (43008K), 5 survivors (5120K)
 Metaspace       used 13803K, capacity 13983K, committed 14080K, reserved 1062912K
  class space    used 1396K, capacity 1488K, committed 1536K, reserved 1048576K
}
Event: 2.283 GC heap after
{Heap after GC invocations=9 (full 0):
 garbage-first heap   total 348160K, used 69632K [0x00000000c0000000, 0x0000000100000000)
  region size 1024K, 6 young (6144K), 6 survivors (6144K)
 Metaspace       used 13803K, capacity 13983K, committed 14080K, reserved 1062912K
  class space    used 1396K, capacity 1488K, committed 1536K, reserved 1048576K
}
Event: 2.510 GC heap before
{Heap before GC invocations=9 (full 0):
 garbage-first heap   total 348160K, used 133120K [0x00000000c0000000, 0x0000000100000000)
  region size 1024K, 68 young (69632K), 6 survivors (6144K)
 Metaspace       used 13808K, capacity 13983K, committed 14080K, reserved 1062912K
  class space    used 1396K, capacity 1488K, committed 1536K, reserved 1048576K
}
Event: 2.550 GC heap after
{Heap after GC invocations=10 (full 0):
 garbage-first heap   total 348160K, used 81467K [0x00000000c0000000, 0x0000000100000000)
  region size 1024K, 9 young (9216K), 9 survivors (9216K)
 Metaspace       used 13808K, capacity 13983K, committed 14080K, reserved 1062912K
  class space    used 1396K, capacity 1488K, committed 1536K, reserved 1048576K
}

