# JRE version: OpenJDK Runtime Environment Microsoft-25199 (11.0.12+7) (build 11.0.12+7)
# Java VM: OpenJDK 64-Bit Server VM Microsoft-25199 (11.0.12+7, mixed mode, tiered, compressed oops, g1 gc, windows-amd64)
Heap:
 garbage-first heap   total 711680K, used 78922K [0x0000000080e00000, 0x0000000100000000)
  region size 1024K, 3 young (3072K), 3 survivors (3072K)
 Metaspace       used 16198K, capacity 16467K, committed 16640K, reserved 1064960K
  class space    used 1586K, capacity 1696K, committed 1792K, reserved 1048576K
GC Heap History (20 events):
Event: 2.206 GC heap after
{Heap after GC invocations=39 (full 0):
 garbage-first heap   total 108544K, used 27343K [0x0000000080e00000, 0x0000000100000000)
  region size 1024K, 1 young (1024K), 1 survivors (1024K)
 Metaspace       used 13868K, capacity 14133K, committed 14336K, reserved 1062912K
  class space    used 1434K, capacity 1503K, committed 1536K, reserved 1048576K
}
Event: 2.296 GC heap before
{Heap before GC invocations=39 (full 0):
 garbage-first heap   total 108544K, used 30415K [0x0000000080e00000, 0x0000000100000000)
  region size 1024K, 5 young (5120K), 1 survivors (1024K)
 Metaspace       used 13879K, capacity 14133K, committed 14336K, reserved 1062912K
  class space    used 1434K, capacity 1503K, committed 1536K, reserved 1048576K
}
Event: 2.300 GC heap after
{Heap after GC invocations=40 (full 0):
 garbage-first heap   total 108544K, used 28672K [0x0000000080e00000, 0x0000000100000000)
  region size 1024K, 1 young (1024K), 1 survivors (1024K)
 Metaspace       used 13879K, capacity 14133K, committed 14336K, reserved 1062912K
  class space    used 1434K, capacity 1503K, committed 1536K, reserved 1048576K
}
Event: 2.418 GC heap before
{Heap before GC invocations=40 (full 0):
 garbage-first heap   total 108544K, used 32768K [0x0000000080e00000, 0x0000000100000000)
  region size 1024K, 5 young (5120K), 1 survivors (1024K)
 Metaspace       used 13916K, capacity 14198K, committed 14336K, reserved 1062912K
  class space    used 1434K, capacity 1503K, committed 1536K, reserved 1048576K
}
Event: 2.424 GC heap after
{Heap after GC invocations=41 (full 0):
 garbage-first heap   total 209920K, used 30071K [0x0000000080e00000, 0x0000000100000000)
  region size 1024K, 1 young (1024K), 1 survivors (1024K)
 Metaspace       used 13916K, capacity 14198K, committed 14336K, reserved 1062912K
  class space    used 1434K, capacity 1503K, committed 1536K, reserved 1048576K
}
Event: 2.644 GC heap before
{Heap before GC invocations=41 (full 0):
 garbage-first heap   total 209920K, used 41335K [0x0000000080e00000, 0x0000000100000000)
  region size 1024K, 10 young (10240K), 1 survivors (1024K)
 Metaspace       used 15006K, capacity 15301K, committed 15488K, reserved 1062912K
  class space    used 1521K, capacity 1636K, committed 1664K, reserved 1048576K
}
Event: 2.652 GC heap after
{Heap after GC invocations=42 (full 0):
 garbage-first heap   total 209920K, used 35370K [0x0000000080e00000, 0x0000000100000000)
  region size 1024K, 2 young (2048K), 2 survivors (2048K)
 Metaspace       used 15006K, capacity 15301K, committed 15488K, reserved 1062912K
  class space    used 1521K, capacity 1636K, committed 1664K, reserved 1048576K
}
Event: 3.018 GC heap before
{Heap before GC invocations=42 (full 0):
 garbage-first heap   total 209920K, used 43562K [0x0000000080e00000, 0x0000000100000000)
  region size 1024K, 10 young (10240K), 2 survivors (2048K)
 Metaspace       used 15296K, capacity 15639K, committed 15744K, reserved 1062912K
  class space    used 1541K, capacity 1642K, committed 1664K, reserved 1048576K
}
Event: 3.026 GC heap after
{Heap after GC invocations=43 (full 0):
 garbage-first heap   total 209920K, used 37515K [0x0000000080e00000, 0x0000000100000000)
  region size 1024K, 2 young (2048K), 2 survivors (2048K)
 Metaspace       used 15296K, capacity 15639K, committed 15744K, reserved 1062912K
  class space    used 1541K, capacity 1642K, committed 1664K, reserved 1048576K
}
Event: 3.147 GC heap before
{Heap before GC invocations=43 (full 0):
 garbage-first heap   total 209920K, used 46731K [0x0000000080e00000, 0x0000000100000000)
  region size 1024K, 10 young (10240K), 2 survivors (2048K)
 Metaspace       used 15730K, capacity 15984K, committed 16128K, reserved 1062912K
  class space    used 1578K, capacity 1691K, committed 1792K, reserved 1048576K
}
Event: 3.154 GC heap after
{Heap after GC invocations=44 (full 0):
 garbage-first heap   total 209920K, used 41546K [0x0000000080e00000, 0x0000000100000000)
  region size 1024K, 2 young (2048K), 2 survivors (2048K)
 Metaspace       used 15730K, capacity 15984K, committed 16128K, reserved 1062912K
  class space    used 1578K, capacity 1691K, committed 1792K, reserved 1048576K
}
Event: 3.206 GC heap before
{Heap before GC invocations=44 (full 0):
 garbage-first heap   total 209920K, used 49738K [0x0000000080e00000, 0x0000000100000000)
  region size 1024K, 10 young (10240K), 2 survivors (2048K)
 Metaspace       used 15792K, capacity 16053K, committed 16384K, reserved 1064960K
  class space    used 1579K, capacity 1692K, committed 1792K, reserved 1048576K
}
Event: 3.220 GC heap after
{Heap after GC invocations=45 (full 0):
 garbage-first heap   total 368640K, used 47225K [0x0000000080e00000, 0x0000000100000000)
  region size 1024K, 2 young (2048K), 2 survivors (2048K)
 Metaspace       used 15792K, capacity 16053K, committed 16384K, reserved 1064960K
  class space    used 1579K, capacity 1692K, committed 1792K, reserved 1048576K
}
Event: 3.277 GC heap before
{Heap before GC invocations=45 (full 0):
 garbage-first heap   total 368640K, used 63609K [0x0000000080e00000, 0x0000000100000000)
  region size 1024K, 18 young (18432K), 2 survivors (2048K)
 Metaspace       used 15851K, capacity 16189K, committed 16384K, reserved 1064960K
  class space    used 1581K, capacity 1695K, committed 1792K, reserved 1048576K
}
Event: 3.297 GC heap after
{Heap after GC invocations=46 (full 0):
 garbage-first heap   total 368640K, used 60291K [0x0000000080e00000, 0x0000000100000000)
  region size 1024K, 3 young (3072K), 3 survivors (3072K)
 Metaspace       used 15851K, capacity 16189K, committed 16384K, reserved 1064960K
  class space    used 1581K, capacity 1695K, committed 1792K, reserved 1048576K
}
Event: 3.386 GC heap before
{Heap before GC invocations=46 (full 0):
 garbage-first heap   total 368640K, used 75651K [0x0000000080e00000, 0x0000000100000000)
  region size 1024K, 18 young (18432K), 3 survivors (3072K)
 Metaspace       used 15974K, capacity 16318K, committed 16640K, reserved 1064960K
  class space    used 1582K, capacity 1695K, committed 1792K, reserved 1048576K
}
Event: 3.405 GC heap after
{Heap after GC invocations=47 (full 0):
 garbage-first heap   total 368640K, used 70597K [0x0000000080e00000, 0x0000000100000000)
  region size 1024K, 3 young (3072K), 3 survivors (3072K)
 Metaspace       used 15974K, capacity 16318K, committed 16640K, reserved 1064960K
  class space    used 1582K, capacity 1695K, committed 1792K, reserved 1048576K
}
Event: 3.602 GC heap before
{Heap before GC invocations=47 (full 0):
 garbage-first heap   total 368640K, used 88005K [0x0000000080e00000, 0x0000000100000000)
  region size 1024K, 18 young (18432K), 3 survivors (3072K)
 Metaspace       used 16144K, capacity 16461K, committed 16640K, reserved 1064960K
  class space    used 1585K, capacity 1695K, committed 1792K, reserved 1048576K
}
Event: 3.614 GC heap after
{Heap after GC invocations=48 (full 0):
 garbage-first heap   total 368640K, used 75700K [0x0000000080e00000, 0x0000000100000000)
  region size 1024K, 3 young (3072K), 3 survivors (3072K)
 Metaspace       used 16144K, capacity 16461K, committed 16640K, reserved 1064960K
  class space    used 1585K, capacity 1695K, committed 1792K, reserved 1048576K
}
Event: 3.755 GC heap before
{Heap before GC invocations=48 (full 0):
 garbage-first heap   total 368640K, used 91060K [0x0000000080e00000, 0x0000000100000000)
  region size 1024K, 18 young (18432K), 3 survivors (3072K)
 Metaspace       used 16198K, capacity 16467K, committed 16640K, reserved 1064960K
  class space    used 1586K, capacity 1696K, committed 1792K, reserved 1048576K
}

