# JRE version: OpenJDK Runtime Environment Microsoft-25199 (11.0.12+7) (build 11.0.12+7)
# Java VM: OpenJDK 64-Bit Server VM Microsoft-25199 (11.0.12+7, mixed mode, tiered, compressed oops, g1 gc, windows-amd64)
Heap:
 garbage-first heap   total 518144K, used 109460K [0x00000000c0000000, 0x0000000100000000)
  region size 1024K, 12 young (12288K), 12 survivors (12288K)
 Metaspace       used 19184K, capacity 19651K, committed 19840K, reserved 1067008K
  class space    used 2139K, capacity 2341K, committed 2432K, reserved 1048576K
GC Heap History (20 events):
Event: 0.754 GC heap after
{Heap after GC invocations=3 (full 0):
 garbage-first heap   total 131072K, used 17704K [0x00000000c0000000, 0x0000000100000000)
  region size 1024K, 5 young (5120K), 5 survivors (5120K)
 Metaspace       used 10885K, capacity 11012K, committed 11136K, reserved 1058816K
  class space    used 1052K, capacity 1116K, committed 1152K, reserved 1048576K
}
Event: 0.848 GC heap before
{Heap before GC invocations=3 (full 0):
 garbage-first heap   total 131072K, used 54568K [0x00000000c0000000, 0x0000000100000000)
  region size 1024K, 41 young (41984K), 5 survivors (5120K)
 Metaspace       used 10892K, capacity 11012K, committed 11136K, reserved 1058816K
  class space    used 1052K, capacity 1116K, committed 1152K, reserved 1048576K
}
Event: 0.854 GC heap after
{Heap after GC invocations=4 (full 0):
 garbage-first heap   total 131072K, used 25337K [0x00000000c0000000, 0x0000000100000000)
  region size 1024K, 6 young (6144K), 6 survivors (6144K)
 Metaspace       used 10892K, capacity 11012K, committed 11136K, reserved 1058816K
  class space    used 1052K, capacity 1116K, committed 1152K, reserved 1048576K
}
Event: 1.256 GC heap before
{Heap before GC invocations=4 (full 0):
 garbage-first heap   total 131072K, used 69369K [0x00000000c0000000, 0x0000000100000000)
  region size 1024K, 50 young (51200K), 6 survivors (6144K)
 Metaspace       used 12461K, capacity 12702K, committed 12928K, reserved 1060864K
  class space    used 1233K, capacity 1320K, committed 1408K, reserved 1048576K
}
Event: 1.282 GC heap after
{Heap after GC invocations=5 (full 0):
 garbage-first heap   total 159744K, used 37234K [0x00000000c0000000, 0x0000000100000000)
  region size 1024K, 7 young (7168K), 7 survivors (7168K)
 Metaspace       used 12461K, capacity 12702K, committed 12928K, reserved 1060864K
  class space    used 1233K, capacity 1320K, committed 1408K, reserved 1048576K
}
Event: 1.292 GC heap before
{Heap before GC invocations=5 (full 0):
 garbage-first heap   total 159744K, used 38258K [0x00000000c0000000, 0x0000000100000000)
  region size 1024K, 8 young (8192K), 7 survivors (7168K)
 Metaspace       used 12470K, capacity 12704K, committed 12928K, reserved 1060864K
  class space    used 1233K, capacity 1320K, committed 1408K, reserved 1048576K
}
Event: 1.307 GC heap after
{Heap after GC invocations=6 (full 0):
 garbage-first heap   total 159744K, used 39424K [0x00000000c0000000, 0x0000000100000000)
  region size 1024K, 1 young (1024K), 1 survivors (1024K)
 Metaspace       used 12470K, capacity 12704K, committed 12928K, reserved 1060864K
  class space    used 1233K, capacity 1320K, committed 1408K, reserved 1048576K
}
Event: 1.490 GC heap before
{Heap before GC invocations=6 (full 0):
 garbage-first heap   total 159744K, used 74240K [0x00000000c0000000, 0x0000000100000000)
  region size 1024K, 35 young (35840K), 1 survivors (1024K)
 Metaspace       used 12595K, capacity 12794K, committed 12928K, reserved 1060864K
  class space    used 1247K, capacity 1328K, committed 1408K, reserved 1048576K
}
Event: 1.514 GC heap after
{Heap after GC invocations=7 (full 0):
 garbage-first heap   total 159744K, used 48128K [0x00000000c0000000, 0x0000000100000000)
  region size 1024K, 5 young (5120K), 5 survivors (5120K)
 Metaspace       used 12595K, capacity 12794K, committed 12928K, reserved 1060864K
  class space    used 1247K, capacity 1328K, committed 1408K, reserved 1048576K
}
Event: 1.593 GC heap before
{Heap before GC invocations=7 (full 0):
 garbage-first heap   total 159744K, used 62464K [0x00000000c0000000, 0x0000000100000000)
  region size 1024K, 19 young (19456K), 5 survivors (5120K)
 Metaspace       used 12600K, capacity 12794K, committed 12928K, reserved 1060864K
  class space    used 1247K, capacity 1328K, committed 1408K, reserved 1048576K
}
Event: 1.620 GC heap after
{Heap after GC invocations=8 (full 0):
 garbage-first heap   total 159744K, used 52224K [0x00000000c0000000, 0x0000000100000000)
  region size 1024K, 3 young (3072K), 3 survivors (3072K)
 Metaspace       used 12600K, capacity 12794K, committed 12928K, reserved 1060864K
  class space    used 1247K, capacity 1328K, committed 1408K, reserved 1048576K
}
Event: 1.780 GC heap before
{Heap before GC invocations=8 (full 0):
 garbage-first heap   total 159744K, used 89088K [0x00000000c0000000, 0x0000000100000000)
  region size 1024K, 39 young (39936K), 3 survivors (3072K)
 Metaspace       used 12618K, capacity 12797K, committed 12928K, reserved 1060864K
  class space    used 1247K, capacity 1328K, committed 1408K, reserved 1048576K
}
Event: 1.819 GC heap after
{Heap after GC invocations=9 (full 0):
 garbage-first heap   total 319488K, used 63870K [0x00000000c0000000, 0x0000000100000000)
  region size 1024K, 5 young (5120K), 5 survivors (5120K)
 Metaspace       used 12618K, capacity 12797K, committed 12928K, reserved 1060864K
  class space    used 1247K, capacity 1328K, committed 1408K, reserved 1048576K
}
Event: 1.966 GC heap before
{Heap before GC invocations=9 (full 0):
 garbage-first heap   total 319488K, used 88446K [0x00000000c0000000, 0x0000000100000000)
  region size 1024K, 29 young (29696K), 5 survivors (5120K)
 Metaspace       used 13007K, capacity 13212K, committed 13440K, reserved 1060864K
  class space    used 1304K, capacity 1402K, committed 1408K, reserved 1048576K
}
Event: 2.034 GC heap after
{Heap after GC invocations=10 (full 0):
 garbage-first heap   total 319488K, used 69997K [0x00000000c0000000, 0x0000000100000000)
  region size 1024K, 4 young (4096K), 4 survivors (4096K)
 Metaspace       used 13007K, capacity 13212K, committed 13440K, reserved 1060864K
  class space    used 1304K, capacity 1402K, committed 1408K, reserved 1048576K
}
Event: 2.464 GC heap before
{Heap before GC invocations=10 (full 0):
 garbage-first heap   total 319488K, used 124269K [0x00000000c0000000, 0x0000000100000000)
  region size 1024K, 57 young (58368K), 4 survivors (4096K)
 Metaspace       used 13795K, capacity 13978K, committed 14080K, reserved 1062912K
  class space    used 1395K, capacity 1486K, committed 1536K, reserved 1048576K
}
Event: 2.490 GC heap after
{Heap after GC invocations=11 (full 0):
 garbage-first heap   total 319488K, used 80533K [0x00000000c0000000, 0x0000000100000000)
  region size 1024K, 8 young (8192K), 8 survivors (8192K)
 Metaspace       used 13795K, capacity 13978K, committed 14080K, reserved 1062912K
  class space    used 1395K, capacity 1486K, committed 1536K, reserved 1048576K
}
Event: 2.719 GC heap before
{Heap before GC invocations=11 (full 0):
 garbage-first heap   total 319488K, used 155285K [0x00000000c0000000, 0x0000000100000000)
  region size 1024K, 80 young (81920K), 8 survivors (8192K)
 Metaspace       used 13799K, capacity 13978K, committed 14080K, reserved 1062912K
  class space    used 1395K, capacity 1486K, committed 1536K, reserved 1048576K
}
Event: 2.761 GC heap after
{Heap after GC invocations=12 (full 0):
 garbage-first heap   total 319488K, used 96256K [0x00000000c0000000, 0x0000000100000000)
  region size 1024K, 10 young (10240K), 10 survivors (10240K)
 Metaspace       used 13799K, capacity 13978K, committed 14080K, reserved 1062912K
  class space    used 1395K, capacity 1486K, committed 1536K, reserved 1048576K
}
Event: 3.820 GC heap before
{Heap before GC invocations=12 (full 0):
 garbage-first heap   total 319488K, used 183296K [0x00000000c0000000, 0x0000000100000000)
  region size 1024K, 95 young (97280K), 10 survivors (10240K)
 Metaspace       used 19184K, capacity 19651K, committed 19840K, reserved 1067008K
  class space    used 2139K, capacity 2341K, committed 2432K, reserved 1048576K
}

