# JRE version: OpenJDK Runtime Environment Microsoft-25199 (11.0.12+7) (build 11.0.12+7)
# Java VM: OpenJDK 64-Bit Server VM Microsoft-25199 (11.0.12+7, mixed mode, tiered, compressed oops, g1 gc, windows-amd64)
Heap:
 garbage-first heap   total 491520K, used 233933K [0x00000000c0000000, 0x0000000100000000)
  region size 1024K, 123 young (125952K), 21 survivors (21504K)
 Metaspace       used 21248K, capacity 21642K, committed 21936K, reserved 1069056K
  class space    used 2239K, capacity 2425K, committed 2560K, reserved 1048576K
GC Heap History (20 events):
Event: 2.682 GC heap before
{Heap before GC invocations=10 (full 0):
 garbage-first heap   total 352256K, used 147230K [0x00000000c0000000, 0x0000000100000000)
  region size 1024K, 71 young (72704K), 7 survivors (7168K)
 Metaspace       used 13820K, capacity 14045K, committed 14336K, reserved 1062912K
  class space    used 1396K, capacity 1487K, committed 1536K, reserved 1048576K
}
Event: 2.714 GC heap after
{Heap after GC invocations=11 (full 0):
 garbage-first heap   total 352256K, used 94208K [0x00000000c0000000, 0x0000000100000000)
  region size 1024K, 9 young (9216K), 9 survivors (9216K)
 Metaspace       used 13820K, capacity 14045K, committed 14336K, reserved 1062912K
  class space    used 1396K, capacity 1487K, committed 1536K, reserved 1048576K
}
Event: 3.552 GC heap before
{Heap before GC invocations=11 (full 0):
 garbage-first heap   total 352256K, used 183296K [0x00000000c0000000, 0x0000000100000000)
  region size 1024K, 96 young (98304K), 9 survivors (9216K)
 Metaspace       used 18721K, capacity 19165K, committed 19328K, reserved 1067008K
  class space    used 2097K, capacity 2307K, committed 2432K, reserved 1048576K
}
Event: 3.586 GC heap after
{Heap after GC invocations=12 (full 0):
 garbage-first heap   total 352256K, used 107520K [0x00000000c0000000, 0x0000000100000000)
  region size 1024K, 12 young (12288K), 12 survivors (12288K)
 Metaspace       used 18721K, capacity 19165K, committed 19328K, reserved 1067008K
  class space    used 2097K, capacity 2307K, committed 2432K, reserved 1048576K
}
Event: 4.947 GC heap before
{Heap before GC invocations=12 (full 0):
 garbage-first heap   total 352256K, used 211968K [0x00000000c0000000, 0x0000000100000000)
  region size 1024K, 113 young (115712K), 12 survivors (12288K)
 Metaspace       used 20193K, capacity 20651K, committed 20864K, reserved 1067008K
  class space    used 2205K, capacity 2414K, committed 2432K, reserved 1048576K
}
Event: 4.976 GC heap after
{Heap after GC invocations=13 (full 0):
 garbage-first heap   total 491520K, used 113101K [0x00000000c0000000, 0x0000000100000000)
  region size 1024K, 4 young (4096K), 4 survivors (4096K)
 Metaspace       used 20193K, capacity 20651K, committed 20864K, reserved 1067008K
  class space    used 2205K, capacity 2414K, committed 2432K, reserved 1048576K
}
Event: 6.114 GC heap before
{Heap before GC invocations=13 (full 0):
 garbage-first heap   total 491520K, used 268749K [0x00000000c0000000, 0x0000000100000000)
  region size 1024K, 156 young (159744K), 4 survivors (4096K)
 Metaspace       used 20741K, capacity 21199K, committed 21296K, reserved 1069056K
  class space    used 2207K, capacity 2416K, committed 2432K, reserved 1048576K
}
Event: 6.131 GC heap after
{Heap after GC invocations=14 (full 0):
 garbage-first heap   total 491520K, used 114637K [0x00000000c0000000, 0x0000000100000000)
  region size 1024K, 5 young (5120K), 5 survivors (5120K)
 Metaspace       used 20741K, capacity 21199K, committed 21296K, reserved 1069056K
  class space    used 2207K, capacity 2416K, committed 2432K, reserved 1048576K
}
Event: 6.217 GC heap before
{Heap before GC invocations=14 (full 0):
 garbage-first heap   total 491520K, used 129997K [0x00000000c0000000, 0x0000000100000000)
  region size 1024K, 22 young (22528K), 5 survivors (5120K)
 Metaspace       used 20765K, capacity 21199K, committed 21296K, reserved 1069056K
  class space    used 2207K, capacity 2416K, committed 2432K, reserved 1048576K
}
Event: 6.228 GC heap after
{Heap after GC invocations=15 (full 0):
 garbage-first heap   total 491520K, used 114879K [0x00000000c0000000, 0x0000000100000000)
  region size 1024K, 6 young (6144K), 6 survivors (6144K)
 Metaspace       used 20765K, capacity 21199K, committed 21296K, reserved 1069056K
  class space    used 2207K, capacity 2416K, committed 2432K, reserved 1048576K
}
Event: 7.646 GC heap before
{Heap before GC invocations=16 (full 0):
 garbage-first heap   total 491520K, used 387263K [0x00000000c0000000, 0x0000000100000000)
  region size 1024K, 272 young (278528K), 6 survivors (6144K)
 Metaspace       used 20834K, capacity 21249K, committed 21552K, reserved 1069056K
  class space    used 2196K, capacity 2382K, committed 2432K, reserved 1048576K
}
Event: 7.673 GC heap after
{Heap after GC invocations=17 (full 0):
 garbage-first heap   total 491520K, used 117418K [0x00000000c0000000, 0x0000000100000000)
  region size 1024K, 8 young (8192K), 8 survivors (8192K)
 Metaspace       used 20834K, capacity 21249K, committed 21552K, reserved 1069056K
  class space    used 2196K, capacity 2382K, committed 2432K, reserved 1048576K
}
Event: 8.739 GC heap before
{Heap before GC invocations=17 (full 0):
 garbage-first heap   total 491520K, used 401066K [0x00000000c0000000, 0x0000000100000000)
  region size 1024K, 285 young (291840K), 8 survivors (8192K)
 Metaspace       used 21150K, capacity 21571K, committed 21936K, reserved 1069056K
  class space    used 2236K, capacity 2424K, committed 2560K, reserved 1048576K
}
Event: 8.764 GC heap after
{Heap after GC invocations=18 (full 0):
 garbage-first heap   total 491520K, used 123171K [0x00000000c0000000, 0x0000000100000000)
  region size 1024K, 14 young (14336K), 14 survivors (14336K)
 Metaspace       used 21150K, capacity 21571K, committed 21936K, reserved 1069056K
  class space    used 2236K, capacity 2424K, committed 2560K, reserved 1048576K
}
Event: 9.890 GC heap before
{Heap before GC invocations=18 (full 0):
 garbage-first heap   total 491520K, used 403747K [0x00000000c0000000, 0x0000000100000000)
  region size 1024K, 288 young (294912K), 14 survivors (14336K)
 Metaspace       used 21203K, capacity 21642K, committed 21936K, reserved 1069056K
  class space    used 2238K, capacity 2425K, committed 2560K, reserved 1048576K
}
Event: 9.915 GC heap after
{Heap after GC invocations=19 (full 0):
 garbage-first heap   total 491520K, used 124877K [0x00000000c0000000, 0x0000000100000000)
  region size 1024K, 15 young (15360K), 15 survivors (15360K)
 Metaspace       used 21203K, capacity 21642K, committed 21936K, reserved 1069056K
  class space    used 2238K, capacity 2425K, committed 2560K, reserved 1048576K
}
Event: 10.932 GC heap before
{Heap before GC invocations=19 (full 0):
 garbage-first heap   total 491520K, used 404429K [0x00000000c0000000, 0x0000000100000000)
  region size 1024K, 288 young (294912K), 15 survivors (15360K)
 Metaspace       used 21221K, capacity 21642K, committed 21936K, reserved 1069056K
  class space    used 2238K, capacity 2425K, committed 2560K, reserved 1048576K
}
Event: 10.963 GC heap after
{Heap after GC invocations=20 (full 0):
 garbage-first heap   total 491520K, used 128461K [0x00000000c0000000, 0x0000000100000000)
  region size 1024K, 19 young (19456K), 19 survivors (19456K)
 Metaspace       used 21221K, capacity 21642K, committed 21936K, reserved 1069056K
  class space    used 2238K, capacity 2425K, committed 2560K, reserved 1048576K
}
Event: 12.058 GC heap before
{Heap before GC invocations=20 (full 0):
 garbage-first heap   total 491520K, used 403917K [0x00000000c0000000, 0x0000000100000000)
  region size 1024K, 288 young (294912K), 19 survivors (19456K)
 Metaspace       used 21247K, capacity 21642K, committed 21936K, reserved 1069056K
  class space    used 2239K, capacity 2425K, committed 2560K, reserved 1048576K
}
Event: 12.092 GC heap after
{Heap after GC invocations=21 (full 0):
 garbage-first heap   total 491520K, used 130509K [0x00000000c0000000, 0x0000000100000000)
  region size 1024K, 21 young (21504K), 21 survivors (21504K)
 Metaspace       used 21247K, capacity 21642K, committed 21936K, reserved 1069056K
  class space    used 2239K, capacity 2425K, committed 2560K, reserved 1048576K
}

