# JRE version: OpenJDK Runtime Environment Microsoft-25199 (11.0.12+7) (build 11.0.12+7)
# Java VM: OpenJDK 64-Bit Server VM Microsoft-25199 (11.0.12+7, mixed mode, tiered, compressed oops, g1 gc, windows-amd64)
Heap:
 garbage-first heap   total 479232K, used 90190K [0x0000000080e00000, 0x0000000100000000)
  region size 1024K, 7 young (7168K), 7 survivors (7168K)
 Metaspace       used 18266K, capacity 18544K, committed 18688K, reserved 1067008K
  class space    used 1687K, capacity 1785K, committed 1792K, reserved 1048576K
GC Heap History (20 events):
Event: 1.969 GC heap after
{Heap after GC invocations=35 (full 0):
 garbage-first heap   total 51200K, used 18823K [0x0000000080e00000, 0x0000000100000000)
  region size 1024K, 1 young (1024K), 1 survivors (1024K)
 Metaspace       used 13785K, capacity 14004K, committed 14080K, reserved 1062912K
  class space    used 1436K, capacity 1503K, committed 1536K, reserved 1048576K
}
Event: 2.010 GC heap before
{Heap before GC invocations=36 (full 0):
 garbage-first heap   total 51200K, used 25991K [0x0000000080e00000, 0x0000000100000000)
  region size 1024K, 5 young (5120K), 1 survivors (1024K)
 Metaspace       used 13788K, capacity 14068K, committed 14336K, reserved 1062912K
  class space    used 1436K, capacity 1503K, committed 1536K, reserved 1048576K
}
Event: 2.015 GC heap after
{Heap after GC invocations=37 (full 0):
 garbage-first heap   total 51200K, used 20912K [0x0000000080e00000, 0x0000000100000000)
  region size 1024K, 2 young (2048K), 2 survivors (2048K)
 Metaspace       used 13788K, capacity 14068K, committed 14336K, reserved 1062912K
  class space    used 1436K, capacity 1503K, committed 1536K, reserved 1048576K
}
Event: 2.052 GC heap before
{Heap before GC invocations=38 (full 0):
 garbage-first heap   total 51200K, used 26032K [0x0000000080e00000, 0x0000000100000000)
  region size 1024K, 6 young (6144K), 2 survivors (2048K)
 Metaspace       used 13788K, capacity 14068K, committed 14336K, reserved 1062912K
  class space    used 1436K, capacity 1503K, committed 1536K, reserved 1048576K
}
Event: 2.060 GC heap after
{Heap after GC invocations=39 (full 0):
 garbage-first heap   total 102400K, used 24273K [0x0000000080e00000, 0x0000000100000000)
  region size 1024K, 2 young (2048K), 2 survivors (2048K)
 Metaspace       used 13788K, capacity 14068K, committed 14336K, reserved 1062912K
  class space    used 1436K, capacity 1503K, committed 1536K, reserved 1048576K
}
Event: 2.665 GC heap before
{Heap before GC invocations=40 (full 0):
 garbage-first heap   total 102400K, used 56017K [0x0000000080e00000, 0x0000000100000000)
  region size 1024K, 26 young (26624K), 2 survivors (2048K)
 Metaspace       used 15001K, capacity 15237K, committed 15488K, reserved 1062912K
  class space    used 1522K, capacity 1636K, committed 1664K, reserved 1048576K
}
Event: 2.685 GC heap after
{Heap after GC invocations=41 (full 0):
 garbage-first heap   total 102400K, used 34583K [0x0000000080e00000, 0x0000000100000000)
  region size 1024K, 4 young (4096K), 4 survivors (4096K)
 Metaspace       used 15001K, capacity 15237K, committed 15488K, reserved 1062912K
  class space    used 1522K, capacity 1636K, committed 1664K, reserved 1048576K
}
Event: 3.264 GC heap before
{Heap before GC invocations=41 (full 0):
 garbage-first heap   total 102400K, used 61207K [0x0000000080e00000, 0x0000000100000000)
  region size 1024K, 29 young (29696K), 4 survivors (4096K)
 Metaspace       used 15806K, capacity 16116K, committed 16384K, reserved 1064960K
  class space    used 1581K, capacity 1692K, committed 1792K, reserved 1048576K
}
Event: 3.287 GC heap after
{Heap after GC invocations=42 (full 0):
 garbage-first heap   total 102400K, used 45496K [0x0000000080e00000, 0x0000000100000000)
  region size 1024K, 4 young (4096K), 4 survivors (4096K)
 Metaspace       used 15806K, capacity 16116K, committed 16384K, reserved 1064960K
  class space    used 1581K, capacity 1692K, committed 1792K, reserved 1048576K
}
Event: 3.354 GC heap before
{Heap before GC invocations=42 (full 0):
 garbage-first heap   total 102400K, used 65976K [0x0000000080e00000, 0x0000000100000000)
  region size 1024K, 24 young (24576K), 4 survivors (4096K)
 Metaspace       used 15858K, capacity 16124K, committed 16384K, reserved 1064960K
  class space    used 1583K, capacity 1695K, committed 1792K, reserved 1048576K
}
Event: 3.387 GC heap after
{Heap after GC invocations=43 (full 0):
 garbage-first heap   total 102400K, used 61952K [0x0000000080e00000, 0x0000000100000000)
  region size 1024K, 3 young (3072K), 3 survivors (3072K)
 Metaspace       used 15858K, capacity 16124K, committed 16384K, reserved 1064960K
  class space    used 1583K, capacity 1695K, committed 1792K, reserved 1048576K
}
Event: 3.454 GC heap before
{Heap before GC invocations=43 (full 0):
 garbage-first heap   total 102400K, used 73216K [0x0000000080e00000, 0x0000000100000000)
  region size 1024K, 14 young (14336K), 3 survivors (3072K)
 Metaspace       used 15945K, capacity 16189K, committed 16384K, reserved 1064960K
  class space    used 1584K, capacity 1695K, committed 1792K, reserved 1048576K
}
Event: 3.485 GC heap after
{Heap after GC invocations=44 (full 0):
 garbage-first heap   total 250880K, used 69120K [0x0000000080e00000, 0x0000000100000000)
  region size 1024K, 2 young (2048K), 2 survivors (2048K)
 Metaspace       used 15945K, capacity 16189K, committed 16384K, reserved 1064960K
  class space    used 1584K, capacity 1695K, committed 1792K, reserved 1048576K
}
Event: 4.519 GC heap before
{Heap before GC invocations=45 (full 0):
 garbage-first heap   total 250880K, used 123392K [0x0000000080e00000, 0x0000000100000000)
  region size 1024K, 53 young (54272K), 2 survivors (2048K)
 Metaspace       used 17358K, capacity 17631K, committed 17664K, reserved 1064960K
  class space    used 1685K, capacity 1785K, committed 1792K, reserved 1048576K
}
Event: 4.542 GC heap after
{Heap after GC invocations=46 (full 0):
 garbage-first heap   total 250880K, used 79797K [0x0000000080e00000, 0x0000000100000000)
  region size 1024K, 7 young (7168K), 7 survivors (7168K)
 Metaspace       used 17358K, capacity 17631K, committed 17664K, reserved 1064960K
  class space    used 1685K, capacity 1785K, committed 1792K, reserved 1048576K
}
Event: 6.271 GC heap before
{Heap before GC invocations=46 (full 0):
 garbage-first heap   total 250880K, used 142261K [0x0000000080e00000, 0x0000000100000000)
  region size 1024K, 68 young (69632K), 7 survivors (7168K)
 Metaspace       used 18071K, capacity 18343K, committed 18432K, reserved 1067008K
  class space    used 1687K, capacity 1785K, committed 1792K, reserved 1048576K
}
Event: 6.294 GC heap after
{Heap after GC invocations=47 (full 0):
 garbage-first heap   total 250880K, used 83580K [0x0000000080e00000, 0x0000000100000000)
  region size 1024K, 4 young (4096K), 4 survivors (4096K)
 Metaspace       used 18071K, capacity 18343K, committed 18432K, reserved 1067008K
  class space    used 1687K, capacity 1785K, committed 1792K, reserved 1048576K
}
Event: 6.911 GC heap before
{Heap before GC invocations=47 (full 0):
 garbage-first heap   total 250880K, used 155260K [0x0000000080e00000, 0x0000000100000000)
  region size 1024K, 74 young (75776K), 4 survivors (4096K)
 Metaspace       used 18215K, capacity 18540K, committed 18688K, reserved 1067008K
  class space    used 1687K, capacity 1785K, committed 1792K, reserved 1048576K
}
Event: 6.926 GC heap after
{Heap after GC invocations=48 (full 0):
 garbage-first heap   total 250880K, used 86566K [0x0000000080e00000, 0x0000000100000000)
  region size 1024K, 7 young (7168K), 7 survivors (7168K)
 Metaspace       used 18215K, capacity 18540K, committed 18688K, reserved 1067008K
  class space    used 1687K, capacity 1785K, committed 1792K, reserved 1048576K
}
Event: 7.527 GC heap before
{Heap before GC invocations=48 (full 0):
 garbage-first heap   total 250880K, used 166438K [0x0000000080e00000, 0x0000000100000000)
  region size 1024K, 85 young (87040K), 7 survivors (7168K)
 Metaspace       used 18266K, capacity 18544K, committed 18688K, reserved 1067008K
  class space    used 1687K, capacity 1785K, committed 1792K, reserved 1048576K
}

